<?xml version="1.0" encoding="UTF-8"?>
<!-- Generated by org.testng.reporters.JUnitReportReporter -->
<testsuite hostname="wgybzb" name="zx.soft.utils.concurrent.ReentrantCircuitTest" tests="9" failures="0" timestamp="17 Sep 2015 06:47:40 GMT" time="2.125" errors="0">
  <testcase name="shouldHandleConcurrentWaiters" time="1.006" classname="zx.soft.utils.concurrent.ReentrantCircuitTest"/>
  <testcase name="shouldReturnWhenAwaitAndAlreadyClosed" time="0.001" classname="zx.soft.utils.concurrent.ReentrantCircuitTest"/>
  <testcase name="shouldHandleRepeatedClosed" time="0.001" classname="zx.soft.utils.concurrent.ReentrantCircuitTest"/>
  <testcase name="shouldInterruptWaiters" time="0.303" classname="zx.soft.utils.concurrent.ReentrantCircuitTest"/>
  <testcase name="shouldInitiallyBeClosed" time="0.001" classname="zx.soft.utils.concurrent.ReentrantCircuitTest"/>
  <testcase name="shouldHandleRepeatedOpens" time="0.001" classname="zx.soft.utils.concurrent.ReentrantCircuitTest"/>
  <testcase name="shouldNotBlockOpenWhenSyncAcquired" time="0.302" classname="zx.soft.utils.concurrent.ReentrantCircuitTest"/>
  <testcase name="shouldHandleSequentialWaiters" time="0.502" classname="zx.soft.utils.concurrent.ReentrantCircuitTest"/>
  <testcase name="shouldHandleOpenCloseCycles" time="0.008" classname="zx.soft.utils.concurrent.ReentrantCircuitTest"/>
</testsuite> <!-- zx.soft.utils.concurrent.ReentrantCircuitTest -->
